[debug] [2026-01-06T17:54:50.056Z] ----------------------------------------------------------------------
[debug] [2026-01-06T17:54:50.058Z] Command:       C:\Program Files\nodejs\node.exe C:\Users\jacka\AppData\Roaming\npm\node_modules\firebase-tools\lib\bin\firebase.js deploy --only firestore:indexes
[debug] [2026-01-06T17:54:50.058Z] CLI Version:   14.27.0
[debug] [2026-01-06T17:54:50.059Z] Platform:      win32
[debug] [2026-01-06T17:54:50.059Z] Node Version:  v23.2.0
[debug] [2026-01-06T17:54:50.059Z] Time:          Tue Jan 06 2026 20:54:50 GMT+0300 (Moscow Standard Time)
[debug] [2026-01-06T17:54:50.059Z] ----------------------------------------------------------------------
[debug] 
[debug] [2026-01-06T17:54:50.227Z] > command requires scopes: ["email","openid","https://www.googleapis.com/auth/cloudplatformprojects.readonly","https://www.googleapis.com/auth/firebase","https://www.googleapis.com/auth/cloud-platform"]
[debug] [2026-01-06T17:54:50.227Z] > authorizing via signed-in user (blen.assaye.zeru@gmail.com)
[debug] [2026-01-06T17:54:50.227Z] [iam] checking project investfx-1faf1 for permissions ["datastore.indexes.create","datastore.indexes.delete","datastore.indexes.list","datastore.indexes.update","firebase.projects.get"]
[debug] [2026-01-06T17:54:50.228Z] Checked if tokens are valid: true, expires at: 1767725396799
[debug] [2026-01-06T17:54:50.228Z] Checked if tokens are valid: true, expires at: 1767725396799
[debug] [2026-01-06T17:54:50.229Z] >>> [apiv2][query] POST https://cloudresourcemanager.googleapis.com/v1/projects/investfx-1faf1:testIamPermissions [none]
[debug] [2026-01-06T17:54:50.229Z] >>> [apiv2][(partial)header] POST https://cloudresourcemanager.googleapis.com/v1/projects/investfx-1faf1:testIamPermissions x-goog-quota-user=projects/investfx-1faf1
[debug] [2026-01-06T17:54:50.229Z] >>> [apiv2][body] POST https://cloudresourcemanager.googleapis.com/v1/projects/investfx-1faf1:testIamPermissions {"permissions":["datastore.indexes.create","datastore.indexes.delete","datastore.indexes.list","datastore.indexes.update","firebase.projects.get"]}
[debug] [2026-01-06T17:54:51.284Z] <<< [apiv2][status] POST https://cloudresourcemanager.googleapis.com/v1/projects/investfx-1faf1:testIamPermissions 200
[debug] [2026-01-06T17:54:51.284Z] <<< [apiv2][body] POST https://cloudresourcemanager.googleapis.com/v1/projects/investfx-1faf1:testIamPermissions {"permissions":["datastore.indexes.create","datastore.indexes.delete","datastore.indexes.list","datastore.indexes.update","firebase.projects.get"]}
[info] 
[info] === Deploying to 'investfx-1faf1'...
[info] 
[info] i  deploying firestore 
[info] i  firestore: ensuring required API firestore.googleapis.com is enabled... 
[info] i  firestore: ensuring required API firestore.googleapis.com is enabled... 
[debug] [2026-01-06T17:54:51.293Z] Checked if tokens are valid: true, expires at: 1767725396799
[debug] [2026-01-06T17:54:51.293Z] Checked if tokens are valid: true, expires at: 1767725396799
[debug] [2026-01-06T17:54:51.293Z] >>> [apiv2][query] GET https://firestore.googleapis.com/v1/projects/investfx-1faf1/databases/(default) [none]
[debug] [2026-01-06T17:54:52.382Z] <<< [apiv2][status] GET https://firestore.googleapis.com/v1/projects/investfx-1faf1/databases/(default) 200
[debug] [2026-01-06T17:54:52.382Z] <<< [apiv2][body] GET https://firestore.googleapis.com/v1/projects/investfx-1faf1/databases/(default) {"name":"projects/investfx-1faf1/databases/(default)","uid":"b9674195-d509-4d73-a844-5ac1d09d462d","createTime":"2025-11-22T16:53:23.597066Z","updateTime":"2025-11-22T16:53:23.597066Z","locationId":"nam5","type":"FIRESTORE_NATIVE","concurrencyMode":"PESSIMISTIC","versionRetentionPeriod":"3600s","earliestVersionTime":"2026-01-06T16:54:52.092747Z","appEngineIntegrationMode":"DISABLED","keyPrefix":"s","pointInTimeRecoveryEnablement":"POINT_IN_TIME_RECOVERY_DISABLED","deleteProtectionState":"DELETE_PROTECTION_DISABLED","databaseEdition":"STANDARD","freeTier":true,"realtimeUpdatesMode":"REALTIME_UPDATES_MODE_ENABLED","etag":"IO+08fq995EDMJ3Zw4vBkJED"}
[info] i  firestore: reading indexes from firestore.indexes.json... 
[info] i  cloud.firestore: checking firestore.rules for compilation errors... 
[debug] [2026-01-06T17:54:52.385Z] Checked if tokens are valid: true, expires at: 1767725396799
[debug] [2026-01-06T17:54:52.385Z] Checked if tokens are valid: true, expires at: 1767725396799
[debug] [2026-01-06T17:54:52.385Z] >>> [apiv2][query] POST https://firebaserules.googleapis.com/v1/projects/investfx-1faf1:test [none]
[debug] [2026-01-06T17:54:52.385Z] >>> [apiv2][body] POST https://firebaserules.googleapis.com/v1/projects/investfx-1faf1:test [omitted]
[debug] [2026-01-06T17:54:53.475Z] <<< [apiv2][status] POST https://firebaserules.googleapis.com/v1/projects/investfx-1faf1:test 200
[debug] [2026-01-06T17:54:53.475Z] <<< [apiv2][body] POST https://firebaserules.googleapis.com/v1/projects/investfx-1faf1:test {}
[info] +  cloud.firestore: rules file firestore.rules compiled successfully 
[info] i  firestore: deploying indexes... 
[debug] [2026-01-06T17:54:53.477Z] Checked if tokens are valid: true, expires at: 1767725396799
[debug] [2026-01-06T17:54:53.477Z] Checked if tokens are valid: true, expires at: 1767725396799
[debug] [2026-01-06T17:54:53.478Z] >>> [apiv2][query] GET https://firestore.googleapis.com/v1/projects/investfx-1faf1/databases/(default)/collectionGroups/-/indexes [none]
[debug] [2026-01-06T17:54:53.732Z] <<< [apiv2][status] GET https://firestore.googleapis.com/v1/projects/investfx-1faf1/databases/(default)/collectionGroups/-/indexes 200
[debug] [2026-01-06T17:54:53.733Z] <<< [apiv2][body] GET https://firestore.googleapis.com/v1/projects/investfx-1faf1/databases/(default)/collectionGroups/-/indexes {"indexes":[{"name":"projects/investfx-1faf1/databases/(default)/collectionGroups/chats/indexes/CICAgOjXh4EK","queryScope":"COLLECTION","fields":[{"fieldPath":"agentId","order":"ASCENDING"},{"fieldPath":"lastMessageTime","order":"DESCENDING"},{"fieldPath":"__name__","order":"DESCENDING"}],"state":"READY","density":"SPARSE_ALL"}]}
[debug] [2026-01-06T17:54:53.733Z] Checked if tokens are valid: true, expires at: 1767725396799
[debug] [2026-01-06T17:54:53.733Z] Checked if tokens are valid: true, expires at: 1767725396799
[debug] [2026-01-06T17:54:53.733Z] >>> [apiv2][query] GET https://firestore.googleapis.com/v1/projects/investfx-1faf1/databases/(default)/collectionGroups/-/fields?filter=indexConfig.usesAncestorConfig=false OR ttlConfig:* [none]
[debug] [2026-01-06T17:54:53.985Z] <<< [apiv2][status] GET https://firestore.googleapis.com/v1/projects/investfx-1faf1/databases/(default)/collectionGroups/-/fields?filter=indexConfig.usesAncestorConfig=false OR ttlConfig:* 200
[debug] [2026-01-06T17:54:53.985Z] <<< [apiv2][body] GET https://firestore.googleapis.com/v1/projects/investfx-1faf1/databases/(default)/collectionGroups/-/fields?filter=indexConfig.usesAncestorConfig=false OR ttlConfig:* {"fields":[{"name":"projects/investfx-1faf1/databases/(default)/collectionGroups/__default__/fields/*","indexConfig":{"indexes":[{"queryScope":"COLLECTION","fields":[{"fieldPath":"*","order":"ASCENDING"}],"state":"READY"},{"queryScope":"COLLECTION","fields":[{"fieldPath":"*","order":"DESCENDING"}],"state":"READY"},{"queryScope":"COLLECTION","fields":[{"fieldPath":"*","arrayConfig":"CONTAINS"}],"state":"READY"}]}}]}
[debug] [2026-01-06T17:54:53.986Z] Checked if tokens are valid: true, expires at: 1767725396799
[debug] [2026-01-06T17:54:53.986Z] Checked if tokens are valid: true, expires at: 1767725396799
[debug] [2026-01-06T17:54:53.986Z] >>> [apiv2][query] GET https://firestore.googleapis.com/v1/projects/investfx-1faf1/databases/(default) [none]
[debug] [2026-01-06T17:54:54.245Z] <<< [apiv2][status] GET https://firestore.googleapis.com/v1/projects/investfx-1faf1/databases/(default) 200
[debug] [2026-01-06T17:54:54.245Z] <<< [apiv2][body] GET https://firestore.googleapis.com/v1/projects/investfx-1faf1/databases/(default) {"name":"projects/investfx-1faf1/databases/(default)","uid":"b9674195-d509-4d73-a844-5ac1d09d462d","createTime":"2025-11-22T16:53:23.597066Z","updateTime":"2025-11-22T16:53:23.597066Z","locationId":"nam5","type":"FIRESTORE_NATIVE","concurrencyMode":"PESSIMISTIC","versionRetentionPeriod":"3600s","earliestVersionTime":"2026-01-06T16:54:53.955934Z","appEngineIntegrationMode":"DISABLED","keyPrefix":"s","pointInTimeRecoveryEnablement":"POINT_IN_TIME_RECOVERY_DISABLED","deleteProtectionState":"DELETE_PROTECTION_DISABLED","databaseEdition":"STANDARD","freeTier":true,"realtimeUpdatesMode":"REALTIME_UPDATES_MODE_ENABLED","etag":"INWS4/u995EDMJ3Zw4vBkJED"}
[info] i  firestore: The following indexes are defined in your project but are not present in your firestore indexes file:
	(chats) -- (agentId,ASCENDING) (lastMessageTime,DESCENDING)  -- Density:SPARSE_ALL  
